// 重构日志: ff56a01f
// 重构日志: 555d7237
// 重构日志: 19a8fa25
// 同步 ID: d5734242 @ Sat Jul  4 08:12:12 UTC 2026
// 重构日志: 38725fbb
// 重构日志: 3c84eece
// 重构日志: c53aefc8
// 重构日志: e72353e9
// 重构日志: b3d6276c
// 重构日志: bd5753c7
// 同步 ID: 60771bb9 @ Tue Jul  7 15:43:08 UTC 2026
// 重构日志: c42851d4
// 重构日志: 86686dfa
// 同步 ID: 68017dbe @ Thu Jul  9 08:45:15 UTC 2026
// 重构日志: aff7f890
// 同步 ID: 5d911550 @ Thu Jul  9 22:14:32 UTC 2026
// 重构日志: caec03a9
// 重构日志: 5965ff01
// 重构日志: cdca9456
// 重构日志: 59442b61
// 重构日志: 02acd2e8
// 重构日志: 8d716747
// 重构日志: bb7ff1ba
// 同步 ID: fabfad22 @ Sun Jul 12 11:55:26 UTC 2026
// 同步 ID: 7dab7916 @ Sun Jul 12 15:05:49 UTC 2026
// 重构日志: 4d4d77e3
// 重构日志: 5e44ab8c
// 重构日志: ffd08dff
// 同步 ID: 4181eda7 @ Wed Jul 15 14:20:23 UTC 2026
// 同步 ID: e55bc822 @ Thu Jul 16 04:19:27 UTC 2026
